# JRE version: OpenJDK Runtime Environment Microsoft-8035246 (17.0.8+7) (build 17.0.8+7-LTS)
# Java VM: OpenJDK 64-Bit Server VM Microsoft-8035246 (17.0.8+7-LTS, mixed mode, sharing, tiered, compressed oops, compressed class ptrs, g1 gc, windows-amd64)
GC Precious Log:
 CPUs: 12 total, 12 available
 Memory: 16083M
 Large Page Support: Disabled
 NUMA Support: Disabled
 Compressed Oops: Enabled (32-bit)
 Heap Region Size: 1M
 Heap Min Capacity: 8M
 Heap Initial Capacity: 252M
 Heap Max Capacity: 2G
 Pre-touch: Disabled
 Parallel Workers: 10
 Concurrent Workers: 3
 Concurrent Refinement Workers: 10
 Periodic GC: Disabled
Heap:
 garbage-first heap   total 199680K, used 134602K [0x0000000080000000, 0x0000000100000000)
  region size 1024K, 8 young (8192K), 4 survivors (4096K)
 Metaspace       used 94663K, committed 95616K, reserved 557056K
  class space    used 13386K, committed 13824K, reserved 425984K
GC Heap History (20 events):
Event: 13.015 GC heap before
{Heap before GC invocations=34 (full 0):
 garbage-first heap   total 199680K, used 109062K [0x0000000080000000, 0x0000000100000000)
  region size 1024K, 9 young (9216K), 6 survivors (6144K)
 Metaspace       used 79634K, committed 80448K, reserved 557056K
  class space    used 11097K, committed 11456K, reserved 425984K
}
Event: 13.018 GC heap after
{Heap after GC invocations=35 (full 0):
 garbage-first heap   total 199680K, used 106037K [0x0000000080000000, 0x0000000100000000)
  region size 1024K, 1 young (1024K), 1 survivors (1024K)
 Metaspace       used 79634K, committed 80448K, reserved 557056K
  class space    used 11097K, committed 11456K, reserved 425984K
}
Event: 13.543 GC heap before
{Heap before GC invocations=35 (full 0):
 garbage-first heap   total 199680K, used 164405K [0x0000000080000000, 0x0000000100000000)
  region size 1024K, 58 young (59392K), 1 survivors (1024K)
 Metaspace       used 83708K, committed 84544K, reserved 557056K
  class space    used 11654K, committed 12032K, reserved 425984K
}
Event: 13.545 GC heap after
{Heap after GC invocations=36 (full 0):
 garbage-first heap   total 199680K, used 107655K [0x0000000080000000, 0x0000000100000000)
  region size 1024K, 3 young (3072K), 3 survivors (3072K)
 Metaspace       used 83708K, committed 84544K, reserved 557056K
  class space    used 11654K, committed 12032K, reserved 425984K
}
Event: 13.960 GC heap before
{Heap before GC invocations=37 (full 0):
 garbage-first heap   total 199680K, used 166023K [0x0000000080000000, 0x0000000100000000)
  region size 1024K, 60 young (61440K), 3 survivors (3072K)
 Metaspace       used 84975K, committed 85824K, reserved 557056K
  class space    used 11836K, committed 12224K, reserved 425984K
}
Event: 13.962 GC heap after
{Heap after GC invocations=38 (full 0):
 garbage-first heap   total 199680K, used 111409K [0x0000000080000000, 0x0000000100000000)
  region size 1024K, 7 young (7168K), 7 survivors (7168K)
 Metaspace       used 84975K, committed 85824K, reserved 557056K
  class space    used 11836K, committed 12224K, reserved 425984K
}
Event: 13.983 GC heap before
{Heap before GC invocations=38 (full 0):
 garbage-first heap   total 199680K, used 113457K [0x0000000080000000, 0x0000000100000000)
  region size 1024K, 9 young (9216K), 7 survivors (7168K)
 Metaspace       used 85121K, committed 86016K, reserved 557056K
  class space    used 11850K, committed 12288K, reserved 425984K
}
Event: 13.985 GC heap after
{Heap after GC invocations=39 (full 0):
 garbage-first heap   total 199680K, used 111088K [0x0000000080000000, 0x0000000100000000)
  region size 1024K, 1 young (1024K), 1 survivors (1024K)
 Metaspace       used 85121K, committed 86016K, reserved 557056K
  class space    used 11850K, committed 12288K, reserved 425984K
}
Event: 14.471 GC heap before
{Heap before GC invocations=39 (full 0):
 garbage-first heap   total 199680K, used 167408K [0x0000000080000000, 0x0000000100000000)
  region size 1024K, 56 young (57344K), 1 survivors (1024K)
 Metaspace       used 88445K, committed 89280K, reserved 557056K
  class space    used 12409K, committed 12800K, reserved 425984K
}
Event: 14.473 GC heap after
{Heap after GC invocations=40 (full 0):
 garbage-first heap   total 199680K, used 111712K [0x0000000080000000, 0x0000000100000000)
  region size 1024K, 2 young (2048K), 2 survivors (2048K)
 Metaspace       used 88445K, committed 89280K, reserved 557056K
  class space    used 12409K, committed 12800K, reserved 425984K
}
Event: 14.927 GC heap before
{Heap before GC invocations=40 (full 0):
 garbage-first heap   total 199680K, used 168032K [0x0000000080000000, 0x0000000100000000)
  region size 1024K, 57 young (58368K), 2 survivors (2048K)
 Metaspace       used 92002K, committed 92864K, reserved 557056K
  class space    used 12990K, committed 13440K, reserved 425984K
}
Event: 14.929 GC heap after
{Heap after GC invocations=41 (full 0):
 garbage-first heap   total 199680K, used 113981K [0x0000000080000000, 0x0000000100000000)
  region size 1024K, 4 young (4096K), 4 survivors (4096K)
 Metaspace       used 92002K, committed 92864K, reserved 557056K
  class space    used 12990K, committed 13440K, reserved 425984K
}
Event: 15.324 GC heap before
{Heap before GC invocations=41 (full 0):
 garbage-first heap   total 199680K, used 169277K [0x0000000080000000, 0x0000000100000000)
  region size 1024K, 58 young (59392K), 4 survivors (4096K)
 Metaspace       used 93042K, committed 94016K, reserved 557056K
  class space    used 13136K, committed 13568K, reserved 425984K
}
Event: 15.327 GC heap after
{Heap after GC invocations=42 (full 0):
 garbage-first heap   total 199680K, used 119158K [0x0000000080000000, 0x0000000100000000)
  region size 1024K, 8 young (8192K), 8 survivors (8192K)
 Metaspace       used 93042K, committed 94016K, reserved 557056K
  class space    used 13136K, committed 13568K, reserved 425984K
}
Event: 15.849 GC heap before
{Heap before GC invocations=42 (full 0):
 garbage-first heap   total 199680K, used 168310K [0x0000000080000000, 0x0000000100000000)
  region size 1024K, 56 young (57344K), 8 survivors (8192K)
 Metaspace       used 94611K, committed 95616K, reserved 557056K
  class space    used 13385K, committed 13824K, reserved 425984K
}
Event: 15.854 GC heap after
{Heap after GC invocations=43 (full 0):
 garbage-first heap   total 199680K, used 125850K [0x0000000080000000, 0x0000000100000000)
  region size 1024K, 7 young (7168K), 7 survivors (7168K)
 Metaspace       used 94611K, committed 95616K, reserved 557056K
  class space    used 13385K, committed 13824K, reserved 425984K
}
Event: 15.951 GC heap before
{Heap before GC invocations=43 (full 0):
 garbage-first heap   total 199680K, used 165786K [0x0000000080000000, 0x0000000100000000)
  region size 1024K, 47 young (48128K), 7 survivors (7168K)
 Metaspace       used 94650K, committed 95616K, reserved 557056K
  class space    used 13385K, committed 13824K, reserved 425984K
}
Event: 15.955 GC heap after
{Heap after GC invocations=44 (full 0):
 garbage-first heap   total 199680K, used 129187K [0x0000000080000000, 0x0000000100000000)
  region size 1024K, 4 young (4096K), 4 survivors (4096K)
 Metaspace       used 94650K, committed 95616K, reserved 557056K
  class space    used 13385K, committed 13824K, reserved 425984K
}
Event: 16.046 GC heap before
{Heap before GC invocations=44 (full 0):
 garbage-first heap   total 199680K, used 167075K [0x0000000080000000, 0x0000000100000000)
  region size 1024K, 42 young (43008K), 4 survivors (4096K)
 Metaspace       used 94652K, committed 95616K, reserved 557056K
  class space    used 13386K, committed 13824K, reserved 425984K
}
Event: 16.048 GC heap after
{Heap after GC invocations=45 (full 0):
 garbage-first heap   total 199680K, used 130729K [0x0000000080000000, 0x0000000100000000)
  region size 1024K, 4 young (4096K), 4 survivors (4096K)
 Metaspace       used 94652K, committed 95616K, reserved 557056K
  class space    used 13386K, committed 13824K, reserved 425984K
}

